<?xml version="1.0" encoding="UTF-8"?>
<testsuite xmlns:xsi="http://www.w3.org/2001/XMLSchema-instance" xsi:noNamespaceSchemaLocation="https://maven.apache.org/surefire/maven-surefire-plugin/xsd/surefire-test-report.xsd" name="OrderTests.GetOrderTests" time="1.997" tests="2" errors="0" skipped="0" failures="1">
  <properties>
[...]
</properties>
  <testcase name="GetAuthUserOrdersTest" classname="OrderTests.GetOrderTests" time="0.935">
    <failure message="&#10;Expected: &lt;200&gt;&#10;     but: was &lt;403&gt;" type="java.lang.AssertionError"><![CDATA[java.lang.AssertionError: 

Expected: <200>
     but: was <403>
	at OrderTests.GetOrderTests.GetAuthUserOrdersTest(GetOrderTests.java:57)
]]></failure>
    <system-out><![CDATA[HTTP/1.1 200 OK
Date: Sun, 04 Aug 2024 21:47:24 GMT
Content-Type: application/json; charset=utf-8
Transfer-Encoding: chunked
Connection: keep-alive
X-Powered-By: Express
Access-Control-Allow-Origin: *
authorization: Bearer eyJhbGciOiJIUzI1NiIsInR5cCI6IkpXVCJ9.eyJpZCI6IjY2YWZmNmVjOWVkMjgwMDAxYjQ4NGM5MiIsImlhdCI6MTcyMjgwODA0NCwiZXhwIjoxNzIyODA5MjQ0fQ.DZRRrksbARoxW-sDbtYPjshxNcfk-kgr5vzbch4lvkc
ETag: W/"171-khQOa9F1PYZPybiRdFeJmPJQC9E"
CF-Cache-Status: DYNAMIC
Report-To: {"endpoints":[{"url":"https:\/\/a.nel.cloudflare.com\/report\/v4?s=zOdRv97Kbg8Mw0yRdXfbwX7CPcvj120k%2Fnkyh5eOzeSkGejsgEemPLXK4x%2FEPPDytXQCsCx2%2FJANn%2FAw%2FURJDw8JHWNuUGBODrrFQXraDHKjCHsM3YGII5hUbfBfOJnhq7D7PerVWqLXBIqqR0slMJIpYl8%3D"}],"group":"cf-nel","max_age":604800}
NEL: {"success_fraction":0,"report_to":"cf-nel","max_age":604800}
Server: cloudflare
CF-RAY: 8ae1bee269b18f59-CPH
Content-Encoding: gzip
alt-svc: h3=":443"; ma=86400

{
    "success": true,
    "user": {
        "email": "ogzaviltwb@yandex.ru",
        "name": "iST5jdcEcJ"
    },
    "accessToken": "Bearer eyJhbGciOiJIUzI1NiIsInR5cCI6IkpXVCJ9.eyJpZCI6IjY2YWZmNmVjOWVkMjgwMDAxYjQ4NGM5MiIsImlhdCI6MTcyMjgwODA0NCwiZXhwIjoxNzIyODA5MjQ0fQ.DZRRrksbARoxW-sDbtYPjshxNcfk-kgr5vzbch4lvkc",
    "refreshToken": "c616b062b215c84ddfd035cd1eb6bd80e8078851a6fb5bb3b0ad194a80f31e40abebca612e797f1e"
}
HTTP/1.1 403 Forbidden
Date: Sun, 04 Aug 2024 21:47:24 GMT
Content-Type: application/json; charset=utf-8
Content-Length: 43
Connection: keep-alive
X-Powered-By: Express
Access-Control-Allow-Origin: *
ETag: W/"2b-GUFP7oy+YVFqK6yYnchJLDGbm7o"
CF-Cache-Status: DYNAMIC
Report-To: {"endpoints":[{"url":"https:\/\/a.nel.cloudflare.com\/report\/v4?s=ggiy%2B7Swc6zkRJOJRLR%2BUquqfXEcGIAqOVziQQSR3bC0Hx07KjCv7of11QBoNJpbBdNhHicF2lPW88%2F9kY1gCT4fRO%2BG%2BFwRkq6DgH5xH9oFJAxdAhbIgl2VLQLiplO2CQ12a%2FGcuJcV8tbrnfSTEWDrV%2BQ%3D"}],"group":"cf-nel","max_age":604800}
NEL: {"success_fraction":0,"report_to":"cf-nel","max_age":604800}
Server: cloudflare
CF-RAY: 8ae1bee44d227b3f-DME
alt-svc: h3=":443"; ma=86400

{
    "success": false,
    "message": "jwt malformed"
}
HTTP/1.1 202 Accepted
Date: Sun, 04 Aug 2024 21:47:24 GMT
Content-Type: application/json; charset=utf-8
Content-Length: 54
Connection: keep-alive
X-Powered-By: Express
Access-Control-Allow-Origin: *
ETag: W/"36-hDmZnQ3Ou/ynnqAeC6TYmyseuzY"
CF-Cache-Status: DYNAMIC
Report-To: {"endpoints":[{"url":"https:\/\/a.nel.cloudflare.com\/report\/v4?s=vxWTPgwzzfa8HmbJKruKqsRG6sdyYxffVjY9bhhVfIXr%2BQRPXKd3SotMXqMpIUCi9NRXztdSXNryiP1eepcC0s6cil%2F6ZOkeAS4vHYLYBx8jHpxCjaJxrtq1L5Mp17hOdbAx93ZqRbOL9xvVlFnoa4uVVNA%3D"}],"group":"cf-nel","max_age":604800}
NEL: {"success_fraction":0,"report_to":"cf-nel","max_age":604800}
Server: cloudflare
CF-RAY: 8ae1bee57bfd7903-DME
alt-svc: h3=":443"; ma=86400

{
    "success": true,
    "message": "User successfully removed"
}
]]></system-out>
  </testcase>
  <testcase name="GetOrdersWithoutAuthUserTest" classname="OrderTests.GetOrderTests" time="1.062"/>
</testsuite>